\BOOKMARK [1][-]{section.1}{\376\377\000T\000h\000e\000\040\000E\000v\000a\000l\000u\000a\000t\000i\000o\000n\000\040\000B\000o\000t\000t\000l\000e\000n\000e\000c\000k\000\040\000i\000n\000\040\000D\000e\000p\000l\000o\000y\000e\000d\000\040\000A\000I}{}% 1
\BOOKMARK [1][-]{section.2}{\376\377\000A\000\040\000C\000o\000r\000e\000s\000e\000t\000\040\000F\000r\000a\000m\000e\000w\000o\000r\000k\000\040\000f\000o\000r\000\040\000A\000g\000e\000n\000t\000\040\000E\000v\000a\000l\000u\000a\000t\000i\000o\000n}{}% 2
\BOOKMARK [2][-]{subsection.2.1}{\376\377\000S\000t\000e\000p\000\040\0001\000:\000\040\000D\000e\000f\000i\000n\000e\000\040\000t\000h\000e\000\040\000E\000v\000a\000l\000u\000a\000t\000i\000o\000n\000\040\000O\000b\000j\000e\000c\000t\000i\000v\000e}{section.2}% 3
\BOOKMARK [2][-]{subsection.2.2}{\376\377\000S\000t\000e\000p\000\040\0002\000:\000\040\000C\000h\000o\000o\000s\000e\000\040\000a\000\040\000B\000e\000h\000a\000v\000i\000o\000r\000a\000l\000\040\000R\000e\000p\000r\000e\000s\000e\000n\000t\000a\000t\000i\000o\000n}{section.2}% 4
\BOOKMARK [2][-]{subsection.2.3}{\376\377\000S\000t\000e\000p\000\040\0003\000:\000\040\000S\000e\000l\000e\000c\000t\000\040\000a\000\040\000C\000o\000n\000s\000t\000r\000u\000c\000t\000i\000o\000n\000\040\000S\000t\000r\000a\000t\000e\000g\000y}{section.2}% 5
\BOOKMARK [2][-]{subsection.2.4}{\376\377\000S\000t\000e\000p\000\040\0004\000:\000\040\000A\000g\000e\000n\000t\000-\000S\000p\000e\000c\000i\000f\000i\000c\000\040\000A\000d\000a\000p\000t\000a\000t\000i\000o\000n\000s}{section.2}% 6
\BOOKMARK [2][-]{subsection.2.5}{\376\377\000S\000t\000e\000p\000\040\0005\000:\000\040\000W\000e\000i\000g\000h\000t\000i\000n\000g\000,\000\040\000D\000e\000b\000i\000a\000s\000i\000n\000g\000,\000\040\000S\000t\000r\000a\000t\000i\000f\000i\000c\000a\000t\000i\000o\000n}{section.2}% 7
\BOOKMARK [2][-]{subsection.2.6}{\376\377\000S\000t\000e\000p\000\040\0006\000:\000\040\000V\000a\000l\000i\000d\000a\000t\000i\000o\000n\000\040\000a\000n\000d\000\040\000A\000c\000c\000e\000p\000t\000/\000R\000e\000j\000e\000c\000t}{section.2}% 8
\BOOKMARK [1][-]{section.3}{\376\377\000T\000h\000e\000o\000r\000y\000\040\000H\000i\000g\000h\000l\000i\000g\000h\000t\000s\000\040\000a\000n\000d\000\040\000U\000s\000e\000f\000u\000l\000\040\000B\000o\000u\000n\000d\000s}{}% 9
\BOOKMARK [2][-]{subsection.3.1}{\376\377\000U\000n\000i\000f\000o\000r\000m\000\040\000A\000p\000p\000r\000o\000x\000i\000m\000a\000t\000i\000o\000n\000\040\000a\000n\000d\000\040\000R\000a\000n\000g\000e\000\040\000S\000p\000a\000c\000e\000s}{section.3}% 10
\BOOKMARK [2][-]{subsection.3.2}{\376\377\000S\000e\000n\000s\000i\000t\000i\000v\000i\000t\000y\000\040\000S\000a\000m\000p\000l\000i\000n\000g\000\040\000G\000u\000a\000r\000a\000n\000t\000e\000e\000s}{section.3}% 11
\BOOKMARK [2][-]{subsection.3.3}{\376\377\000V\000a\000r\000i\000a\000n\000c\000e\000\040\000C\000o\000n\000t\000r\000o\000l\000\040\000a\000n\000d\000\040\000C\000o\000n\000c\000e\000n\000t\000r\000a\000t\000i\000o\000n}{section.3}% 12
\BOOKMARK [2][-]{subsection.3.4}{\376\377\000B\000a\000y\000e\000s\000i\000a\000n\000\040\000C\000o\000r\000e\000s\000e\000t\000s\000\040\000\050\000o\000p\000t\000i\000o\000n\000a\000l\000\040\000f\000o\000r\000\040\000r\000e\000w\000a\000r\000d\000/\000r\000i\000s\000k\000\040\000m\000o\000d\000e\000l\000s\000\051}{section.3}% 13
\BOOKMARK [1][-]{section.4}{\376\377\000D\000r\000i\000f\000t\000\040\000D\000e\000t\000e\000c\000t\000i\000o\000n\000\040\000o\000n\000\040\000C\000o\000r\000e\000s\000e\000t\000\040\000S\000t\000r\000e\000a\000m\000s}{}% 14
\BOOKMARK [1][-]{section.5}{\376\377\000P\000r\000a\000c\000t\000i\000c\000a\000l\000\040\000I\000m\000p\000l\000e\000m\000e\000n\000t\000a\000t\000i\000o\000n\000\040\000a\000n\000d\000\040\000V\000a\000l\000i\000d\000a\000t\000i\000o\000n}{}% 15
\BOOKMARK [2][-]{subsection.5.1}{\376\377\000W\000e\000i\000g\000h\000t\000e\000d\000\040\000F\000a\000r\000t\000h\000e\000s\000t\000-\000F\000i\000r\000s\000t\000\040\000w\000i\000t\000h\000\040\000D\000i\000f\000f\000i\000c\000u\000l\000t\000y\000\040\000\050\000G\000e\000o\000m\000e\000t\000r\000i\000c\000\040\000B\000a\000s\000e\000l\000i\000n\000e\000\051}{section.5}% 16
\BOOKMARK [2][-]{subsection.5.2}{\376\377\000S\000e\000n\000s\000i\000t\000i\000v\000i\000t\000y\000\040\000\050\000E\000R\000M\000\051\000\040\000C\000o\000r\000e\000s\000e\000t\000\040\000v\000i\000a\000\040\000P\000r\000o\000x\000y\000\040\000G\000r\000a\000d\000i\000e\000n\000t\000s}{section.5}% 17
\BOOKMARK [2][-]{subsection.5.3}{\376\377\000S\000t\000r\000e\000a\000m\000i\000n\000g\000\040\000M\000e\000r\000g\000e\000-\000a\000n\000d\000-\000R\000e\000d\000u\000c\000e\000\040\000\050\000S\000c\000a\000l\000a\000b\000l\000e\000\051}{section.5}% 18
\BOOKMARK [2][-]{subsection.5.4}{\376\377\000C\000o\000n\000f\000i\000d\000e\000n\000c\000e\000\040\000I\000n\000t\000e\000r\000v\000a\000l\000s\000\040\000a\000n\000d\000\040\000P\000o\000w\000e\000r}{section.5}% 19
\BOOKMARK [1][-]{section.6}{\376\377\000C\000o\000n\000c\000r\000e\000t\000e\000\040\000R\000e\000c\000i\000p\000e\000s\000\040\000a\000n\000d\000\040\000L\000i\000f\000e\000c\000y\000c\000l\000e\000\040\000I\000n\000t\000e\000g\000r\000a\000t\000i\000o\000n}{}% 20
\BOOKMARK [2][-]{subsection.6.1}{\376\377\000R\000e\000c\000i\000p\000e\000s}{section.6}% 21
\BOOKMARK [2][-]{subsection.6.2}{\376\377\000L\000i\000f\000e\000c\000y\000c\000l\000e\000\040\000I\000n\000t\000e\000g\000r\000a\000t\000i\000o\000n}{section.6}% 22
\BOOKMARK [1][-]{section.7}{\376\377\000L\000i\000m\000i\000t\000a\000t\000i\000o\000n\000s\000\040\000a\000n\000d\000\040\000O\000p\000e\000n\000\040\000D\000i\000r\000e\000c\000t\000i\000o\000n\000s}{}% 23
\BOOKMARK [1][-]{section.8}{\376\377\000C\000o\000n\000c\000l\000u\000s\000i\000o\000n}{}% 24
