\BOOKMARK [1][-]{section.1}{\376\377\000I\000n\000t\000r\000o\000d\000u\000c\000t\000i\000o\000n}{}% 1
\BOOKMARK [1][-]{section.2}{\376\377\0001\000.\000\040\000T\000h\000e\000\040\000C\000l\000a\000s\000s\000i\000c\000a\000l\000\040\000T\000o\000d\000a\000\040\000L\000a\000t\000t\000i\000c\000e}{}% 2
\BOOKMARK [2][-]{subsection.2.1}{\376\377\0001\000.\0001\000\040\000H\000a\000m\000i\000l\000t\000o\000n\000i\000a\000n\000\040\000F\000o\000r\000m\000u\000l\000a\000t\000i\000o\000n}{section.2}% 3
\BOOKMARK [2][-]{subsection.2.2}{\376\377\0001\000.\0002\000\040\000E\000q\000u\000a\000t\000i\000o\000n\000s\000\040\000o\000f\000\040\000M\000o\000t\000i\000o\000n}{section.2}% 4
\BOOKMARK [1][-]{section.3}{\376\377\0002\000.\000\040\000F\000r\000o\000m\000\040\000N\000o\000n\000l\000i\000n\000e\000a\000r\000\040\000t\000o\000\040\000L\000i\000n\000e\000a\000r\000:\000\040\000T\000h\000e\000\040\000N\000e\000e\000d\000\040\000f\000o\000r\000\040\000a\000\040\000N\000e\000w\000\040\000F\000o\000r\000m\000u\000l\000a\000t\000i\000o\000n}{}% 5
\BOOKMARK [2][-]{subsection.3.1}{\376\377\0002\000.\0001\000\040\000M\000o\000t\000i\000v\000a\000t\000i\000o\000n}{section.3}% 6
\BOOKMARK [1][-]{section.4}{\376\377\0003\000.\000\040\000F\000l\000a\000s\000c\000h\000k\000a\000'\000s\000\040\000C\000h\000a\000n\000g\000e\000\040\000o\000f\000\040\000V\000a\000r\000i\000a\000b\000l\000e\000s}{}% 7
\BOOKMARK [1][-]{section.5}{\376\377\0004\000.\000\040\000W\000h\000y\000\040\000T\000h\000i\000s\000\040\000F\000o\000r\000m\000\040\000i\000s\000\040\000S\000i\000g\000n\000i\000f\000i\000c\000a\000n\000t}{}% 8
\BOOKMARK [2][-]{subsubsection.5.0.1}{\376\377\000F\000i\000r\000s\000t\000-\000o\000r\000d\000e\000r}{section.5}% 9
\BOOKMARK [3][-]{subsubsection.5.0.2}{\376\377\000B\000i\000l\000i\000n\000e\000a\000r}{subsubsection.5.0.1}% 10
\BOOKMARK [3][-]{subsubsection.5.0.3}{\376\377\000C\000o\000m\000m\000u\000t\000a\000t\000o\000r\000-\000L\000i\000k\000e}{subsubsection.5.0.1}% 11
\BOOKMARK [1][-]{section.6}{\376\377\0005\000.\000\040\000C\000o\000n\000s\000t\000r\000u\000c\000t\000i\000n\000g\000\040\000t\000h\000e\000\040\000L\000a\000x\000\040\000P\000a\000i\000r}{}% 12
\BOOKMARK [2][-]{subsection.6.1}{\376\377\0005\000.\0001\000\040\000T\000h\000e\000\040\000L\000a\000x\000\040\000M\000a\000t\000r\000i\000x\000\040\000\044\000\040\000L\000\040\000\044}{section.6}% 13
\BOOKMARK [2][-]{subsection.6.2}{\376\377\0005\000.\0002\000\040\000T\000h\000e\000\040\000S\000k\000e\000w\000-\000S\000y\000m\000m\000e\000t\000r\000i\000c\000\040\000M\000a\000t\000r\000i\000x\000\040\000\044\000\040\000B\000\040\000\044}{section.6}% 14
\BOOKMARK [1][-]{section.7}{\376\377\0006\000.\000\040\000V\000e\000r\000i\000f\000y\000i\000n\000g\000\040\000t\000h\000e\000\040\000L\000a\000x\000\040\000E\000q\000u\000a\000t\000i\000o\000n}{}% 15
\BOOKMARK [2][-]{subsection.7.1}{\376\377\0006\000.\0001\000\040\000D\000i\000a\000g\000o\000n\000a\000l\000\040\000E\000n\000t\000r\000i\000e\000s}{section.7}% 16
\BOOKMARK [2][-]{subsection.7.2}{\376\377\0006\000.\0002\000\040\000O\000f\000f\000-\000D\000i\000a\000g\000o\000n\000a\000l\000\040\000E\000n\000t\000r\000i\000e\000s}{section.7}% 17
\BOOKMARK [1][-]{section.8}{\376\377\0007\000.\000\040\000I\000n\000s\000i\000g\000h\000t\000s\000\040\000B\000e\000h\000i\000n\000d\000\040\000t\000h\000e\000\040\000D\000e\000r\000i\000v\000a\000t\000i\000o\000n}{}% 18
\BOOKMARK [2][-]{subsubsection.8.0.1}{\376\377\000T\000h\000e\000o\000r\000e\000t\000i\000c\000a\000l\000\040\000M\000o\000t\000i\000v\000a\000t\000i\000o\000n}{section.8}% 19
\BOOKMARK [3][-]{subsubsection.8.0.2}{\376\377\000C\000r\000e\000a\000t\000i\000v\000e\000\040\000G\000u\000e\000s\000s\000e\000s}{subsubsection.8.0.1}% 20
\BOOKMARK [1][-]{section.9}{\376\377\0008\000.\000\040\000C\000o\000n\000s\000e\000q\000u\000e\000n\000c\000e\000s\000\040\000o\000f\000\040\000t\000h\000e\000\040\000L\000a\000x\000\040\000P\000a\000i\000r}{}% 21
\BOOKMARK [1][-]{section.10}{\376\377\0009\000.\000\040\000C\000o\000n\000c\000l\000u\000s\000i\000o\000n}{}% 22
\BOOKMARK [1][-]{section.11}{\376\377\000A\000p\000p\000e\000n\000d\000i\000x\000:\000\040\000C\000o\000m\000p\000u\000t\000i\000n\000g\000\040\000t\000h\000e\000\040\000C\000o\000m\000m\000u\000t\000a\000t\000o\000r\000\040\000\044\000\040\000[\000B\000,\000\040\000L\000]\000\040\000\044}{}% 23
\BOOKMARK [2][-]{subsection.11.1}{\376\377\000D\000i\000a\000g\000o\000n\000a\000l\000\040\000E\000n\000t\000r\000i\000e\000s\000\040\000\044\000\040\000i\000\040\000=\000\040\000j\000\040\000\044}{section.11}% 24
\BOOKMARK [2][-]{subsection.11.2}{\376\377\000O\000f\000f\000-\000D\000i\000a\000g\000o\000n\000a\000l\000\040\000E\000n\000t\000r\000i\000e\000s\000\040\000\044\000\040\000i\000,\000\040\000i\000+\0001\000\040\000\044}{section.11}% 25
\BOOKMARK [1][-]{section.12}{\376\377\000P\000a\000r\000a\000d\000i\000g\000m\000a\000t\000i\000c\000\040\000I\000n\000t\000e\000g\000r\000a\000b\000l\000e\000\040\000S\000y\000s\000t\000e\000m\000s}{}% 26
\BOOKMARK [2][-]{subsection.12.1}{\376\377\000K\000e\000y\000\040\000c\000o\000n\000c\000e\000p\000t\000s\000:\000\040\000L\000i\000o\000u\000v\000i\000l\000l\000e\000\040\000i\000n\000t\000e\000g\000r\000a\000b\000i\000l\000i\000t\000y\000\040\000a\000n\000d\000\040\000e\000x\000a\000c\000t\000\040\000s\000o\000l\000v\000a\000b\000i\000l\000i\000t\000y}{section.12}% 27
\BOOKMARK [2][-]{subsection.12.2}{\376\377\000C\000l\000a\000s\000s\000i\000c\000a\000l\000\040\000p\000a\000r\000a\000d\000i\000g\000m\000s}{section.12}% 28
\BOOKMARK [3][-]{subsubsection.12.2.1}{\376\377\000T\000o\000d\000a\000\040\000l\000a\000t\000t\000i\000c\000e}{subsection.12.2}% 29
\BOOKMARK [3][-]{subsubsection.12.2.2}{\376\377\000K\000d\000V\000\040\000e\000q\000u\000a\000t\000i\000o\000n}{subsection.12.2}% 30
\BOOKMARK [2][-]{subsection.12.3}{\376\377\000Q\000u\000a\000n\000t\000u\000m\000\040\000p\000a\000r\000a\000d\000i\000g\000m\000s}{section.12}% 31
\BOOKMARK [3][-]{subsubsection.12.3.1}{\376\377\000L\000i\000e\000b\040\023\000L\000i\000n\000i\000g\000e\000r\000\040\000\050\0001\000D\000\040\000B\000o\000s\000e\000\040\000g\000a\000s\000\051}{subsection.12.3}% 32
\BOOKMARK [3][-]{subsubsection.12.3.2}{\376\377\000H\000e\000i\000s\000e\000n\000b\000e\000r\000g\000\040\000X\000X\000Z\000\040\000s\000p\000i\000n\000\040\000c\000h\000a\000i\000n}{subsection.12.3}% 33
\BOOKMARK [3][-]{subsubsection.12.3.3}{\376\377\000H\000u\000b\000b\000a\000r\000d\000\040\000c\000h\000a\000i\000n}{subsection.12.3}% 34
\BOOKMARK [2][-]{subsection.12.4}{\376\377\000W\000h\000y\000\040\000p\000a\000r\000a\000d\000i\000g\000m\000a\000t\000i\000c\000\040\000i\000n\000t\000e\000g\000r\000a\000b\000l\000e\000\040\000s\000y\000s\000t\000e\000m\000s\000\040\000m\000a\000t\000t\000e\000r}{section.12}% 35
\BOOKMARK [1][-]{section.13}{\376\377\000H\000a\000m\000i\000l\000t\000o\000n\000i\000a\000n\000\040\000S\000y\000s\000t\000e\000m\000s\000\040\000a\000n\000d\000\040\000t\000h\000e\000\040\000T\000o\000d\000a\000\040\000L\000a\000t\000t\000i\000c\000e}{}% 36
\BOOKMARK [2][-]{subsection.13.1}{\376\377\000O\000v\000e\000r\000v\000i\000e\000w\000\040\000o\000f\000\040\000H\000a\000m\000i\000l\000t\000o\000n\000i\000a\000n\000\040\000M\000e\000c\000h\000a\000n\000i\000c\000s}{section.13}% 37
\BOOKMARK [2][-]{subsection.13.2}{\376\377\000T\000h\000e\000\040\000T\000o\000d\000a\000\040\000L\000a\000t\000t\000i\000c\000e\000\040\000a\000s\000\040\000a\000\040\000H\000a\000m\000i\000l\000t\000o\000n\000i\000a\000n\000\040\000S\000y\000s\000t\000e\000m}{section.13}% 38
\BOOKMARK [3][-]{subsubsection.13.2.1}{\376\377\000H\000a\000m\000i\000l\000t\000o\000n\000i\000a\000n\000\040\000F\000o\000r\000m}{subsection.13.2}% 39
\BOOKMARK [3][-]{subsubsection.13.2.2}{\376\377\000E\000q\000u\000a\000t\000i\000o\000n\000s\000\040\000o\000f\000\040\000M\000o\000t\000i\000o\000n}{subsection.13.2}% 40
\BOOKMARK [2][-]{subsection.13.3}{\376\377\000I\000n\000t\000e\000g\000r\000a\000b\000i\000l\000i\000t\000y\000\040\000a\000n\000d\000\040\000S\000o\000l\000i\000t\000o\000n\000\040\000S\000o\000l\000u\000t\000i\000o\000n\000s}{section.13}% 41
\BOOKMARK [1][-]{section.14}{\376\377\000G\000e\000n\000e\000r\000a\000l\000i\000z\000e\000d\000\040\000H\000y\000d\000r\000o\000d\000y\000n\000a\000m\000i\000c\000s\000\040\000a\000n\000d\000\040\000t\000h\000e\000\040\000T\000o\000d\000a\000\040\000L\000a\000t\000t\000i\000c\000e}{}% 42
\BOOKMARK [2][-]{subsection.14.1}{\376\377\000W\000h\000a\000t\000\040\000i\000s\000\040\000G\000e\000n\000e\000r\000a\000l\000i\000z\000e\000d\000\040\000H\000y\000d\000r\000o\000d\000y\000n\000a\000m\000i\000c\000s\000\040\000\050\000G\000H\000D\000\051\000?}{section.14}% 43
\BOOKMARK [2][-]{subsection.14.2}{\376\377\000H\000a\000m\000i\000l\000t\000o\000n\000i\000a\000n\000\040\000S\000t\000r\000u\000c\000t\000u\000r\000e\000\040\000o\000f\000\040\000G\000H\000D}{section.14}% 44
\BOOKMARK [2][-]{subsection.14.3}{\376\377\000A\000p\000p\000l\000i\000c\000a\000t\000i\000o\000n\000\040\000o\000f\000\040\000G\000H\000D\000\040\000t\000o\000\040\000t\000h\000e\000\040\000T\000o\000d\000a\000\040\000L\000a\000t\000t\000i\000c\000e}{section.14}% 45
\BOOKMARK [3][-]{subsubsection.14.3.1}{\376\377\000G\000a\000s\000\040\000a\000n\000d\000\040\000C\000h\000a\000i\000n\000\040\000P\000i\000c\000t\000u\000r\000e\000s}{subsection.14.3}% 46
\BOOKMARK [3][-]{subsubsection.14.3.2}{\376\377\000T\000h\000e\000r\000m\000o\000d\000y\000n\000a\000m\000i\000c\000\040\000B\000e\000t\000h\000e\000\040\000A\000n\000s\000a\000t\000z\000\040\000\050\000T\000B\000A\000\051}{subsection.14.3}% 47
\BOOKMARK [3][-]{subsubsection.14.3.3}{\376\377\000C\000o\000r\000r\000e\000l\000a\000t\000i\000o\000n\000\040\000D\000y\000n\000a\000m\000i\000c\000s\000\040\000a\000n\000d\000\040\000T\000r\000a\000n\000s\000p\000o\000r\000t}{subsection.14.3}% 48
\BOOKMARK [2][-]{subsection.14.4}{\376\377\000S\000u\000m\000m\000a\000r\000y\000\040\000T\000a\000b\000l\000e}{section.14}% 49
